<?xml version="1.0"?>
<component name="org.nuxeo.ecm.core.api.test.adapters">

  <extension target="org.nuxeo.ecm.core.api.DocumentAdapterService" point="adapters">
    <adapter class="org.nuxeo.ecm.core.api.adapter.MockInterface"
      factory="org.nuxeo.ecm.core.api.adapter.MockAdapterFactory" />
  </extension>

</component>
